<?xml version="1.0" encoding="UTF-8"?>
<testng-results ignored="0" total="1" passed="1" failed="0" skipped="0">
  <reporter-output>
  </reporter-output>
  <suite started-at="2022-12-08T12:24:16 IST" name="Default suite" finished-at="2022-12-08T12:24:16 IST" duration-ms="62">
    <groups>
    </groups>
    <test started-at="2022-12-08T12:24:16 IST" name="Default test" finished-at="2022-12-08T12:24:16 IST" duration-ms="62">
      <class name="Gold_Template.GT_Verification">
        <test-method is-config="true" signature="setup()[pri:0, instance:Gold_Template.GT_Verification@47987356]" started-at="2022-12-08T12:24:16 IST" name="setup" finished-at="2022-12-08T12:24:16 IST" duration-ms="10" status="PASS">
          <reporter-output>
          </reporter-output>
        </test-method> <!-- setup -->
        <test-method signature="verify()[pri:0, instance:Gold_Template.GT_Verification@47987356]" started-at="2022-12-08T12:24:16 IST" name="verify" finished-at="2022-12-08T12:24:16 IST" duration-ms="12" status="PASS">
          <reporter-output>
          </reporter-output>
        </test-method> <!-- verify -->
      </class> <!-- Gold_Template.GT_Verification -->
    </test> <!-- Default test -->
  </suite> <!-- Default suite -->
</testng-results>
